c:\users\block\source\repos\mod 6\mod 6\debug\vc142.pdb
c:\users\block\source\repos\mod 6\mod 6\debug\vc142.idb
c:\users\block\source\repos\mod 6\mod 6\debug\stb.obj
c:\users\block\source\repos\mod 6\mod 6\debug\texture.obj
c:\users\block\source\repos\mod 6\mod 6\debug\vbo.obj
c:\users\block\source\repos\mod 6\mod 6\debug\vao.obj
c:\users\block\source\repos\mod 6\mod 6\debug\shaderclass.obj
c:\users\block\source\repos\mod 6\mod 6\debug\ebo.obj
c:\users\block\source\repos\mod 6\mod 6\debug\camera.obj
c:\users\block\source\repos\mod 6\mod 6\debug\main.obj
c:\users\block\source\repos\mod 6\debug\mod 6.pdb
c:\users\block\source\repos\mod 6\mod 6\debug\mod 6.tlog\cl.command.1.tlog
c:\users\block\source\repos\mod 6\mod 6\debug\mod 6.tlog\cl.read.1.tlog
c:\users\block\source\repos\mod 6\mod 6\debug\mod 6.tlog\cl.write.1.tlog
c:\users\block\source\repos\mod 6\mod 6\debug\mod 6.tlog\link-cvtres.read.1.tlog
c:\users\block\source\repos\mod 6\mod 6\debug\mod 6.tlog\link-cvtres.write.1.tlog
c:\users\block\source\repos\mod 6\mod 6\debug\mod 6.tlog\link-rc.read.1.tlog
c:\users\block\source\repos\mod 6\mod 6\debug\mod 6.tlog\link-rc.write.1.tlog
c:\users\block\source\repos\mod 6\mod 6\debug\mod 6.tlog\link.command.1.tlog
c:\users\block\source\repos\mod 6\mod 6\debug\mod 6.tlog\link.read.1.tlog
c:\users\block\source\repos\mod 6\mod 6\debug\mod 6.tlog\link.write.1.tlog
